<?xml version="1.0" encoding="UTF-8"?>
<!-- Generated by org.testng.reporters.JUnitReportReporter -->
<testsuite hostname="LAPTOP-IH5D0REB" name="FlipakrPlay" tests="1" failures="0" timestamp="8 Mar 2018 14:55:16 GMT" time="48.021" errors="0">
  <testcase name="action" time="48.021" classname="FlipakrPlay"/>
</testsuite> <!-- FlipakrPlay -->
