<?xml version="1.0" encoding="UTF-8"?>
<!-- Generated by org.testng.reporters.JUnitReportReporter -->
<testsuite hostname="LAPTOP-IH5D0REB" name="TimesOfIndia" tests="1" failures="0" timestamp="14 Feb 2018 13:17:09 GMT" time="26.330" errors="0">
  <testcase name="TimesOfIndiaTest" time="26.330" classname="TimesOfIndia"/>
</testsuite> <!-- TimesOfIndia -->
